<?xml version="1.0" encoding="UTF-8"?>
<testsuite name="com.stylefeng.guns.biz.BizTest" time="0.425" tests="1" errors="1" skipped="0" failures="0">
  <properties>
[...]
</properties>
  <testcase name="test" classname="com.stylefeng.guns.biz.BizTest" time="0.425">
    <error message="java.lang.reflect.InvocationTargetException" type="com.baomidou.mybatisplus.exceptions.MybatisPlusException"><![CDATA[com.baomidou.mybatisplus.exceptions.MybatisPlusException: java.lang.reflect.InvocationTargetException
	at com.mysql.jdbc.SQLError.createSQLException(SQLError.java:957)
	at com.mysql.jdbc.MysqlIO.checkErrorPacket(MysqlIO.java:3878)
	at com.mysql.jdbc.MysqlIO.checkErrorPacket(MysqlIO.java:3814)
	at com.mysql.jdbc.MysqlIO.sendCommand(MysqlIO.java:2478)
	at com.mysql.jdbc.MysqlIO.sqlQueryDirect(MysqlIO.java:2625)
	at com.mysql.jdbc.ConnectionImpl.execSQL(ConnectionImpl.java:2551)
	at com.mysql.jdbc.PreparedStatement.executeInternal(PreparedStatement.java:1861)
	at com.mysql.jdbc.PreparedStatement.execute(PreparedStatement.java:1192)
	at com.alibaba.druid.filter.FilterChainImpl.preparedStatement_execute(FilterChainImpl.java:2931)
	at com.alibaba.druid.filter.FilterEventAdapter.preparedStatement_execute(FilterEventAdapter.java:440)
	at com.alibaba.druid.filter.FilterChainImpl.preparedStatement_execute(FilterChainImpl.java:2929)
	at com.alibaba.druid.wall.WallFilter.preparedStatement_execute(WallFilter.java:601)
	at com.alibaba.druid.filter.FilterChainImpl.preparedStatement_execute(FilterChainImpl.java:2929)
	at com.alibaba.druid.filter.FilterEventAdapter.preparedStatement_execute(FilterEventAdapter.java:440)
	at com.alibaba.druid.filter.FilterChainImpl.preparedStatement_execute(FilterChainImpl.java:2929)
	at com.alibaba.druid.proxy.jdbc.PreparedStatementProxyImpl.execute(PreparedStatementProxyImpl.java:131)
	at com.alibaba.druid.pool.DruidPooledPreparedStatement.execute(DruidPooledPreparedStatement.java:493)
	at sun.reflect.NativeMethodAccessorImpl.invoke0(Native Method)
	at sun.reflect.NativeMethodAccessorImpl.invoke(NativeMethodAccessorImpl.java:62)
	at sun.reflect.DelegatingMethodAccessorImpl.invoke(DelegatingMethodAccessorImpl.java:43)
	at java.lang.reflect.Method.invoke(Method.java:498)
	at org.apache.ibatis.logging.jdbc.PreparedStatementLogger.invoke(PreparedStatementLogger.java:59)
	at com.sun.proxy.$Proxy138.execute(Unknown Source)
	at org.apache.ibatis.executor.statement.PreparedStatementHandler.update(PreparedStatementHandler.java:46)
	at org.apache.ibatis.executor.statement.RoutingStatementHandler.update(RoutingStatementHandler.java:74)
	at sun.reflect.NativeMethodAccessorImpl.invoke0(Native Method)
	at sun.reflect.NativeMethodAccessorImpl.invoke(NativeMethodAccessorImpl.java:62)
	at sun.reflect.DelegatingMethodAccessorImpl.invoke(DelegatingMethodAccessorImpl.java:43)
	at java.lang.reflect.Method.invoke(Method.java:498)
	at org.apache.ibatis.plugin.Plugin.invoke(Plugin.java:63)
	at com.sun.proxy.$Proxy136.update(Unknown Source)
	at sun.reflect.NativeMethodAccessorImpl.invoke0(Native Method)
	at sun.reflect.NativeMethodAccessorImpl.invoke(NativeMethodAccessorImpl.java:62)
	at sun.reflect.DelegatingMethodAccessorImpl.invoke(DelegatingMethodAccessorImpl.java:43)
	at java.lang.reflect.Method.invoke(Method.java:498)
	at org.apache.ibatis.plugin.Plugin.invoke(Plugin.java:63)
	at com.sun.proxy.$Proxy136.update(Unknown Source)
	at org.apache.ibatis.executor.SimpleExecutor.doUpdate(SimpleExecutor.java:50)
	at org.apache.ibatis.executor.BaseExecutor.update(BaseExecutor.java:117)
	at org.apache.ibatis.executor.CachingExecutor.update(CachingExecutor.java:76)
	at org.apache.ibatis.session.defaults.DefaultSqlSession.update(DefaultSqlSession.java:198)
	at org.apache.ibatis.session.defaults.DefaultSqlSession.insert(DefaultSqlSession.java:185)
	at sun.reflect.NativeMethodAccessorImpl.invoke0(Native Method)
	at sun.reflect.NativeMethodAccessorImpl.invoke(NativeMethodAccessorImpl.java:62)
	at sun.reflect.DelegatingMethodAccessorImpl.invoke(DelegatingMethodAccessorImpl.java:43)
	at java.lang.reflect.Method.invoke(Method.java:498)
	at com.baomidou.mybatisplus.MybatisSqlSessionTemplate$SqlSessionInterceptor.invoke(MybatisSqlSessionTemplate.java:403)
	at com.sun.proxy.$Proxy95.insert(Unknown Source)
	at com.baomidou.mybatisplus.MybatisSqlSessionTemplate.insert(MybatisSqlSessionTemplate.java:246)
	at com.baomidou.mybatisplus.activerecord.Model.insert(Model.java:56)
	at com.stylefeng.guns.modular.biz.service.impl.TestServiceImpl.testBiz(TestServiceImpl.java:30)
	at com.stylefeng.guns.modular.biz.service.impl.TestServiceImpl$$FastClassBySpringCGLIB$$a2451736.invoke(<generated>)
	at org.springframework.cglib.proxy.MethodProxy.invoke(MethodProxy.java:204)
	at org.springframework.aop.framework.CglibAopProxy$CglibMethodInvocation.invokeJoinpoint(CglibAopProxy.java:738)
	at org.springframework.aop.framework.ReflectiveMethodInvocation.proceed(ReflectiveMethodInvocation.java:157)
	at com.alibaba.druid.support.spring.stat.DruidStatInterceptor.invoke(DruidStatInterceptor.java:72)
	at org.springframework.aop.framework.ReflectiveMethodInvocation.proceed(ReflectiveMethodInvocation.java:179)
	at org.springframework.aop.framework.CglibAopProxy$DynamicAdvisedInterceptor.intercept(CglibAopProxy.java:673)
	at com.stylefeng.guns.modular.biz.service.impl.TestServiceImpl$$EnhancerBySpringCGLIB$$5de94c85.testBiz(<generated>)
	at com.stylefeng.guns.biz.BizTest.test(BizTest.java:23)
]]></error>
    <system-out><![CDATA[18:52:18.621 [main] DEBUG org.springframework.test.context.junit4.SpringJUnit4ClassRunner - SpringJUnit4ClassRunner constructor called with [class com.stylefeng.guns.biz.BizTest]
18:52:18.628 [main] DEBUG org.springframework.test.context.BootstrapUtils - Instantiating CacheAwareContextLoaderDelegate from class [org.springframework.test.context.cache.DefaultCacheAwareContextLoaderDelegate]
18:52:18.638 [main] DEBUG org.springframework.test.context.BootstrapUtils - Instantiating BootstrapContext using constructor [public org.springframework.test.context.support.DefaultBootstrapContext(java.lang.Class,org.springframework.test.context.CacheAwareContextLoaderDelegate)]
18:52:18.657 [main] DEBUG org.springframework.test.context.BootstrapUtils - Instantiating TestContextBootstrapper for test class [com.stylefeng.guns.biz.BizTest] from class [org.springframework.boot.test.context.SpringBootTestContextBootstrapper]
18:52:18.674 [main] INFO org.springframework.boot.test.context.SpringBootTestContextBootstrapper - Neither @ContextConfiguration nor @ContextHierarchy found for test class [com.stylefeng.guns.biz.BizTest], using SpringBootContextLoader
18:52:18.679 [main] DEBUG org.springframework.test.context.support.AbstractContextLoader - Did not detect default resource location for test class [com.stylefeng.guns.biz.BizTest]: class path resource [com/stylefeng/guns/biz/BizTest-context.xml] does not exist
18:52:18.680 [main] DEBUG org.springframework.test.context.support.AbstractContextLoader - Did not detect default resource location for test class [com.stylefeng.guns.biz.BizTest]: class path resource [com/stylefeng/guns/biz/BizTestContext.groovy] does not exist
18:52:18.680 [main] INFO org.springframework.test.context.support.AbstractContextLoader - Could not detect default resource locations for test class [com.stylefeng.guns.biz.BizTest]: no resource found for suffixes {-context.xml, Context.groovy}.
18:52:18.740 [main] DEBUG org.springframework.test.context.support.ActiveProfilesUtils - Could not find an 'annotation declaring class' for annotation type [org.springframework.test.context.ActiveProfiles] and class [com.stylefeng.guns.biz.BizTest]
18:52:18.788 [main] DEBUG org.springframework.boot.test.context.SpringBootTestContextBootstrapper - @TestExecutionListeners is not present for class [com.stylefeng.guns.biz.BizTest]: using defaults.
18:52:18.794 [main] INFO org.springframework.boot.test.context.SpringBootTestContextBootstrapper - Loaded default TestExecutionListener class names from location [META-INF/spring.factories]: [org.springframework.boot.test.mock.mockito.MockitoTestExecutionListener, org.springframework.boot.test.mock.mockito.ResetMocksTestExecutionListener, org.springframework.boot.test.autoconfigure.restdocs.RestDocsTestExecutionListener, org.springframework.boot.test.autoconfigure.web.client.MockRestServiceServerResetTestExecutionListener, org.springframework.boot.test.autoconfigure.web.servlet.MockMvcPrintOnlyOnFailureTestExecutionListener, org.springframework.boot.test.autoconfigure.web.servlet.WebDriverTestExecutionListener, org.springframework.test.context.web.ServletTestExecutionListener, org.springframework.test.context.support.DirtiesContextBeforeModesTestExecutionListener, org.springframework.test.context.support.DependencyInjectionTestExecutionListener, org.springframework.test.context.support.DirtiesContextTestExecutionListener, org.springframework.test.context.transaction.TransactionalTestExecutionListener, org.springframework.test.context.jdbc.SqlScriptsTestExecutionListener]
18:52:18.845 [main] INFO org.springframework.boot.test.context.SpringBootTestContextBootstrapper - Using TestExecutionListeners: [org.springframework.test.context.web.ServletTestExecutionListener@5cdd8682, org.springframework.test.context.support.DirtiesContextBeforeModesTestExecutionListener@d6da883, org.springframework.boot.test.autoconfigure.SpringBootDependencyInjectionTestExecutionListener@45afc369, org.springframework.test.context.support.DirtiesContextTestExecutionListener@799d4f69, org.springframework.test.context.transaction.TransactionalTestExecutionListener@49c43f4e, org.springframework.test.context.jdbc.SqlScriptsTestExecutionListener@290dbf45, org.springframework.boot.test.autoconfigure.web.servlet.WebDriverTestExecutionListener@12028586, org.springframework.boot.test.autoconfigure.web.servlet.MockMvcPrintOnlyOnFailureTestExecutionListener@17776a8, org.springframework.boot.test.autoconfigure.restdocs.RestDocsTestExecutionListener@69a10787, org.springframework.boot.test.mock.mockito.ResetMocksTestExecutionListener@2d127a61, org.springframework.boot.test.autoconfigure.web.client.MockRestServiceServerResetTestExecutionListener@2bbaf4f0, org.springframework.boot.test.mock.mockito.MockitoTestExecutionListener@11c20519]
18:52:18.849 [main] DEBUG org.springframework.test.context.junit4.SpringJUnit4ClassRunner - SpringJUnit4ClassRunner constructor called with [class com.stylefeng.guns.system.BlackBoardTest]
18:52:18.849 [main] DEBUG org.springframework.test.context.BootstrapUtils - Instantiating CacheAwareContextLoaderDelegate from class [org.springframework.test.context.cache.DefaultCacheAwareContextLoaderDelegate]
18:52:18.849 [main] DEBUG org.springframework.test.context.BootstrapUtils - Instantiating BootstrapContext using constructor [public org.springframework.test.context.support.DefaultBootstrapContext(java.lang.Class,org.springframework.test.context.CacheAwareContextLoaderDelegate)]
18:52:18.849 [main] DEBUG org.springframework.test.context.BootstrapUtils - Instantiating TestContextBootstrapper for test class [com.stylefeng.guns.system.BlackBoardTest] from class [org.springframework.boot.test.context.SpringBootTestContextBootstrapper]
18:52:18.850 [main] INFO org.springframework.boot.test.context.SpringBootTestContextBootstrapper - Neither @ContextConfiguration nor @ContextHierarchy found for test class [com.stylefeng.guns.system.BlackBoardTest], using SpringBootContextLoader
18:52:18.851 [main] DEBUG org.springframework.test.context.support.AbstractContextLoader - Did not detect default resource location for test class [com.stylefeng.guns.system.BlackBoardTest]: class path resource [com/stylefeng/guns/system/BlackBoardTest-context.xml] does not exist
18:52:18.852 [main] DEBUG org.springframework.test.context.support.AbstractContextLoader - Did not detect default resource location for test class [com.stylefeng.guns.system.BlackBoardTest]: class path resource [com/stylefeng/guns/system/BlackBoardTestContext.groovy] does not exist
18:52:18.852 [main] INFO org.springframework.test.context.support.AbstractContextLoader - Could not detect default resource locations for test class [com.stylefeng.guns.system.BlackBoardTest]: no resource found for suffixes {-context.xml, Context.groovy}.
18:52:18.861 [main] DEBUG org.springframework.test.context.support.ActiveProfilesUtils - Could not find an 'annotation declaring class' for annotation type [org.springframework.test.context.ActiveProfiles] and class [com.stylefeng.guns.system.BlackBoardTest]
18:52:18.865 [main] DEBUG org.springframework.boot.test.context.SpringBootTestContextBootstrapper - @TestExecutionListeners is not present for class [com.stylefeng.guns.system.BlackBoardTest]: using defaults.
18:52:18.869 [main] INFO org.springframework.boot.test.context.SpringBootTestContextBootstrapper - Loaded default TestExecutionListener class names from location [META-INF/spring.factories]: [org.springframework.boot.test.mock.mockito.MockitoTestExecutionListener, org.springframework.boot.test.mock.mockito.ResetMocksTestExecutionListener, org.springframework.boot.test.autoconfigure.restdocs.RestDocsTestExecutionListener, org.springframework.boot.test.autoconfigure.web.client.MockRestServiceServerResetTestExecutionListener, org.springframework.boot.test.autoconfigure.web.servlet.MockMvcPrintOnlyOnFailureTestExecutionListener, org.springframework.boot.test.autoconfigure.web.servlet.WebDriverTestExecutionListener, org.springframework.test.context.web.ServletTestExecutionListener, org.springframework.test.context.support.DirtiesContextBeforeModesTestExecutionListener, org.springframework.test.context.support.DependencyInjectionTestExecutionListener, org.springframework.test.context.support.DirtiesContextTestExecutionListener, org.springframework.test.context.transaction.TransactionalTestExecutionListener, org.springframework.test.context.jdbc.SqlScriptsTestExecutionListener]
18:52:18.877 [main] INFO org.springframework.boot.test.context.SpringBootTestContextBootstrapper - Using TestExecutionListeners: [org.springframework.test.context.web.ServletTestExecutionListener@731f8236, org.springframework.test.context.support.DirtiesContextBeforeModesTestExecutionListener@255b53dc, org.springframework.boot.test.autoconfigure.SpringBootDependencyInjectionTestExecutionListener@1dd92fe2, org.springframework.test.context.support.DirtiesContextTestExecutionListener@6b53e23f, org.springframework.test.context.transaction.TransactionalTestExecutionListener@64d2d351, org.springframework.test.context.jdbc.SqlScriptsTestExecutionListener@1b68b9a4, org.springframework.boot.test.autoconfigure.web.servlet.WebDriverTestExecutionListener@4f9a3314, org.springframework.boot.test.autoconfigure.web.servlet.MockMvcPrintOnlyOnFailureTestExecutionListener@3b2c72c2, org.springframework.boot.test.autoconfigure.restdocs.RestDocsTestExecutionListener@491666ad, org.springframework.boot.test.mock.mockito.ResetMocksTestExecutionListener@176d53b2, org.springframework.boot.test.autoconfigure.web.client.MockRestServiceServerResetTestExecutionListener@971d0d8, org.springframework.boot.test.mock.mockito.MockitoTestExecutionListener@51931956]
18:52:18.882 [main] DEBUG org.springframework.test.context.junit4.SpringJUnit4ClassRunner - SpringJUnit4ClassRunner constructor called with [class com.stylefeng.guns.system.DeptTest]
18:52:18.883 [main] DEBUG org.springframework.test.context.BootstrapUtils - Instantiating CacheAwareContextLoaderDelegate from class [org.springframework.test.context.cache.DefaultCacheAwareContextLoaderDelegate]
18:52:18.883 [main] DEBUG org.springframework.test.context.BootstrapUtils - Instantiating BootstrapContext using constructor [public org.springframework.test.context.support.DefaultBootstrapContext(java.lang.Class,org.springframework.test.context.CacheAwareContextLoaderDelegate)]
18:52:18.883 [main] DEBUG org.springframework.test.context.BootstrapUtils - Instantiating TestContextBootstrapper for test class [com.stylefeng.guns.system.DeptTest] from class [org.springframework.boot.test.context.SpringBootTestContextBootstrapper]
18:52:18.885 [main] INFO org.springframework.boot.test.context.SpringBootTestContextBootstrapper - Neither @ContextConfiguration nor @ContextHierarchy found for test class [com.stylefeng.guns.system.DeptTest], using SpringBootContextLoader
18:52:18.886 [main] DEBUG org.springframework.test.context.support.AbstractContextLoader - Did not detect default resource location for test class [com.stylefeng.guns.system.DeptTest]: class path resource [com/stylefeng/guns/system/DeptTest-context.xml] does not exist
18:52:18.886 [main] DEBUG org.springframework.test.context.support.AbstractContextLoader - Did not detect default resource location for test class [com.stylefeng.guns.system.DeptTest]: class path resource [com/stylefeng/guns/system/DeptTestContext.groovy] does not exist
18:52:18.886 [main] INFO org.springframework.test.context.support.AbstractContextLoader - Could not detect default resource locations for test class [com.stylefeng.guns.system.DeptTest]: no resource found for suffixes {-context.xml, Context.groovy}.
18:52:18.897 [main] DEBUG org.springframework.test.context.support.ActiveProfilesUtils - Could not find an 'annotation declaring class' for annotation type [org.springframework.test.context.ActiveProfiles] and class [com.stylefeng.guns.system.DeptTest]
18:52:18.902 [main] DEBUG org.springframework.boot.test.context.SpringBootTestContextBootstrapper - @TestExecutionListeners is not present for class [com.stylefeng.guns.system.DeptTest]: using defaults.
18:52:18.906 [main] INFO org.springframework.boot.test.context.SpringBootTestContextBootstrapper - Loaded default TestExecutionListener class names from location [META-INF/spring.factories]: [org.springframework.boot.test.mock.mockito.MockitoTestExecutionListener, org.springframework.boot.test.mock.mockito.ResetMocksTestExecutionListener, org.springframework.boot.test.autoconfigure.restdocs.RestDocsTestExecutionListener, org.springframework.boot.test.autoconfigure.web.client.MockRestServiceServerResetTestExecutionListener, org.springframework.boot.test.autoconfigure.web.servlet.MockMvcPrintOnlyOnFailureTestExecutionListener, org.springframework.boot.test.autoconfigure.web.servlet.WebDriverTestExecutionListener, org.springframework.test.context.web.ServletTestExecutionListener, org.springframework.test.context.support.DirtiesContextBeforeModesTestExecutionListener, org.springframework.test.context.support.DependencyInjectionTestExecutionListener, org.springframework.test.context.support.DirtiesContextTestExecutionListener, org.springframework.test.context.transaction.TransactionalTestExecutionListener, org.springframework.test.context.jdbc.SqlScriptsTestExecutionListener]
18:52:18.909 [main] INFO org.springframework.boot.test.context.SpringBootTestContextBootstrapper - Using TestExecutionListeners: [org.springframework.test.context.web.ServletTestExecutionListener@358c99f5, org.springframework.test.context.support.DirtiesContextBeforeModesTestExecutionListener@3ee0fea4, org.springframework.boot.test.autoconfigure.SpringBootDependencyInjectionTestExecutionListener@48524010, org.springframework.test.context.support.DirtiesContextTestExecutionListener@4b168fa9, org.springframework.test.context.transaction.TransactionalTestExecutionListener@1a84f40f, org.springframework.test.context.jdbc.SqlScriptsTestExecutionListener@23282c25, org.springframework.boot.test.autoconfigure.web.servlet.WebDriverTestExecutionListener@7920ba90, org.springframework.boot.test.autoconfigure.web.servlet.MockMvcPrintOnlyOnFailureTestExecutionListener@6b419da, org.springframework.boot.test.autoconfigure.restdocs.RestDocsTestExecutionListener@3b2da18f, org.springframework.boot.test.mock.mockito.ResetMocksTestExecutionListener@5906ebcb, org.springframework.boot.test.autoconfigure.web.client.MockRestServiceServerResetTestExecutionListener@258e2e41, org.springframework.boot.test.mock.mockito.MockitoTestExecutionListener@3d299e3]
18:52:18.910 [main] DEBUG org.springframework.test.context.junit4.SpringJUnit4ClassRunner - SpringJUnit4ClassRunner constructor called with [class com.stylefeng.guns.system.DictTest]
18:52:18.910 [main] DEBUG org.springframework.test.context.BootstrapUtils - Instantiating CacheAwareContextLoaderDelegate from class [org.springframework.test.context.cache.DefaultCacheAwareContextLoaderDelegate]
18:52:18.911 [main] DEBUG org.springframework.test.context.BootstrapUtils - Instantiating BootstrapContext using constructor [public org.springframework.test.context.support.DefaultBootstrapContext(java.lang.Class,org.springframework.test.context.CacheAwareContextLoaderDelegate)]
18:52:18.911 [main] DEBUG org.springframework.test.context.BootstrapUtils - Instantiating TestContextBootstrapper for test class [com.stylefeng.guns.system.DictTest] from class [org.springframework.boot.test.context.SpringBootTestContextBootstrapper]
18:52:18.911 [main] INFO org.springframework.boot.test.context.SpringBootTestContextBootstrapper - Neither @ContextConfiguration nor @ContextHierarchy found for test class [com.stylefeng.guns.system.DictTest], using SpringBootContextLoader
18:52:18.912 [main] DEBUG org.springframework.test.context.support.AbstractContextLoader - Did not detect default resource location for test class [com.stylefeng.guns.system.DictTest]: class path resource [com/stylefeng/guns/system/DictTest-context.xml] does not exist
18:52:18.912 [main] DEBUG org.springframework.test.context.support.AbstractContextLoader - Did not detect default resource location for test class [com.stylefeng.guns.system.DictTest]: class path resource [com/stylefeng/guns/system/DictTestContext.groovy] does not exist
18:52:18.913 [main] INFO org.springframework.test.context.support.AbstractContextLoader - Could not detect default resource locations for test class [com.stylefeng.guns.system.DictTest]: no resource found for suffixes {-context.xml, Context.groovy}.
18:52:18.917 [main] DEBUG org.springframework.test.context.support.ActiveProfilesUtils - Could not find an 'annotation declaring class' for annotation type [org.springframework.test.context.ActiveProfiles] and class [com.stylefeng.guns.system.DictTest]
18:52:18.935 [main] DEBUG org.springframework.boot.test.context.SpringBootTestContextBootstrapper - @TestExecutionListeners is not present for class [com.stylefeng.guns.system.DictTest]: using defaults.
18:52:18.938 [main] INFO org.springframework.boot.test.context.SpringBootTestContextBootstrapper - Loaded default TestExecutionListener class names from location [META-INF/spring.factories]: [org.springframework.boot.test.mock.mockito.MockitoTestExecutionListener, org.springframework.boot.test.mock.mockito.ResetMocksTestExecutionListener, org.springframework.boot.test.autoconfigure.restdocs.RestDocsTestExecutionListener, org.springframework.boot.test.autoconfigure.web.client.MockRestServiceServerResetTestExecutionListener, org.springframework.boot.test.autoconfigure.web.servlet.MockMvcPrintOnlyOnFailureTestExecutionListener, org.springframework.boot.test.autoconfigure.web.servlet.WebDriverTestExecutionListener, org.springframework.test.context.web.ServletTestExecutionListener, org.springframework.test.context.support.DirtiesContextBeforeModesTestExecutionListener, org.springframework.test.context.support.DependencyInjectionTestExecutionListener, org.springframework.test.context.support.DirtiesContextTestExecutionListener, org.springframework.test.context.transaction.TransactionalTestExecutionListener, org.springframework.test.context.jdbc.SqlScriptsTestExecutionListener]
18:52:18.942 [main] INFO org.springframework.boot.test.context.SpringBootTestContextBootstrapper - Using TestExecutionListeners: [org.springframework.test.context.web.ServletTestExecutionListener@223f3642, org.springframework.test.context.support.DirtiesContextBeforeModesTestExecutionListener@38c5cc4c, org.springframework.boot.test.autoconfigure.SpringBootDependencyInjectionTestExecutionListener@37918c79, org.springframework.test.context.support.DirtiesContextTestExecutionListener@78e94dcf, org.springframework.test.context.transaction.TransactionalTestExecutionListener@233fe9b6, org.springframework.test.context.jdbc.SqlScriptsTestExecutionListener@358ee631, org.springframework.boot.test.autoconfigure.web.servlet.WebDriverTestExecutionListener@ec756bd, org.springframework.boot.test.autoconfigure.web.servlet.MockMvcPrintOnlyOnFailureTestExecutionListener@3c72f59f, org.springframework.boot.test.autoconfigure.restdocs.RestDocsTestExecutionListener@60dcc9fe, org.springframework.boot.test.mock.mockito.ResetMocksTestExecutionListener@222114ba, org.springframework.boot.test.autoconfigure.web.client.MockRestServiceServerResetTestExecutionListener@16e7dcfd, org.springframework.boot.test.mock.mockito.MockitoTestExecutionListener@3d121db3]
18:52:18.944 [main] DEBUG org.springframework.test.context.junit4.SpringJUnit4ClassRunner - SpringJUnit4ClassRunner constructor called with [class com.stylefeng.guns.system.MenuTest]
18:52:18.944 [main] DEBUG org.springframework.test.context.BootstrapUtils - Instantiating CacheAwareContextLoaderDelegate from class [org.springframework.test.context.cache.DefaultCacheAwareContextLoaderDelegate]
18:52:18.945 [main] DEBUG org.springframework.test.context.BootstrapUtils - Instantiating BootstrapContext using constructor [public org.springframework.test.context.support.DefaultBootstrapContext(java.lang.Class,org.springframework.test.context.CacheAwareContextLoaderDelegate)]
18:52:18.945 [main] DEBUG org.springframework.test.context.BootstrapUtils - Instantiating TestContextBootstrapper for test class [com.stylefeng.guns.system.MenuTest] from class [org.springframework.boot.test.context.SpringBootTestContextBootstrapper]
18:52:18.949 [main] INFO org.springframework.boot.test.context.SpringBootTestContextBootstrapper - Neither @ContextConfiguration nor @ContextHierarchy found for test class [com.stylefeng.guns.system.MenuTest], using SpringBootContextLoader
18:52:18.951 [main] DEBUG org.springframework.test.context.support.AbstractContextLoader - Did not detect default resource location for test class [com.stylefeng.guns.system.MenuTest]: class path resource [com/stylefeng/guns/system/MenuTest-context.xml] does not exist
18:52:18.952 [main] DEBUG org.springframework.test.context.support.AbstractContextLoader - Did not detect default resource location for test class [com.stylefeng.guns.system.MenuTest]: class path resource [com/stylefeng/guns/system/MenuTestContext.groovy] does not exist
18:52:18.952 [main] INFO org.springframework.test.context.support.AbstractContextLoader - Could not detect default resource locations for test class [com.stylefeng.guns.system.MenuTest]: no resource found for suffixes {-context.xml, Context.groovy}.
18:52:18.957 [main] DEBUG org.springframework.test.context.support.ActiveProfilesUtils - Could not find an 'annotation declaring class' for annotation type [org.springframework.test.context.ActiveProfiles] and class [com.stylefeng.guns.system.MenuTest]
18:52:18.961 [main] DEBUG org.springframework.boot.test.context.SpringBootTestContextBootstrapper - @TestExecutionListeners is not present for class [com.stylefeng.guns.system.MenuTest]: using defaults.
18:52:18.964 [main] INFO org.springframework.boot.test.context.SpringBootTestContextBootstrapper - Loaded default TestExecutionListener class names from location [META-INF/spring.factories]: [org.springframework.boot.test.mock.mockito.MockitoTestExecutionListener, org.springframework.boot.test.mock.mockito.ResetMocksTestExecutionListener, org.springframework.boot.test.autoconfigure.restdocs.RestDocsTestExecutionListener, org.springframework.boot.test.autoconfigure.web.client.MockRestServiceServerResetTestExecutionListener, org.springframework.boot.test.autoconfigure.web.servlet.MockMvcPrintOnlyOnFailureTestExecutionListener, org.springframework.boot.test.autoconfigure.web.servlet.WebDriverTestExecutionListener, org.springframework.test.context.web.ServletTestExecutionListener, org.springframework.test.context.support.DirtiesContextBeforeModesTestExecutionListener, org.springframework.test.context.support.DependencyInjectionTestExecutionListener, org.springframework.test.context.support.DirtiesContextTestExecutionListener, org.springframework.test.context.transaction.TransactionalTestExecutionListener, org.springframework.test.context.jdbc.SqlScriptsTestExecutionListener]
18:52:18.970 [main] INFO org.springframework.boot.test.context.SpringBootTestContextBootstrapper - Using TestExecutionListeners: [org.springframework.test.context.web.ServletTestExecutionListener@4ddced80, org.springframework.test.context.support.DirtiesContextBeforeModesTestExecutionListener@1534f01b, org.springframework.boot.test.autoconfigure.SpringBootDependencyInjectionTestExecutionListener@78e117e3, org.springframework.test.context.support.DirtiesContextTestExecutionListener@2ea227af, org.springframework.test.context.transaction.TransactionalTestExecutionListener@4386f16, org.springframework.test.context.jdbc.SqlScriptsTestExecutionListener@363ee3a2, org.springframework.boot.test.autoconfigure.web.servlet.WebDriverTestExecutionListener@4690b489, org.springframework.boot.test.autoconfigure.web.servlet.MockMvcPrintOnlyOnFailureTestExecutionListener@79b06cab, org.springframework.boot.test.autoconfigure.restdocs.RestDocsTestExecutionListener@3eb7fc54, org.springframework.boot.test.mock.mockito.ResetMocksTestExecutionListener@7f552bd3, org.springframework.boot.test.autoconfigure.web.client.MockRestServiceServerResetTestExecutionListener@3c22fc4c, org.springframework.boot.test.mock.mockito.MockitoTestExecutionListener@460d0a57]
18:52:18.976 [main] DEBUG org.springframework.test.annotation.ProfileValueUtils - Retrieved @ProfileValueSourceConfiguration [null] for test class [com.stylefeng.guns.biz.BizTest]
18:52:18.977 [main] DEBUG org.springframework.test.annotation.ProfileValueUtils - Retrieved ProfileValueSource type [class org.springframework.test.annotation.SystemProfileValueSource] for class [com.stylefeng.guns.biz.BizTest]
18:52:18.977 [main] DEBUG org.springframework.test.annotation.ProfileValueUtils - Retrieved @ProfileValueSourceConfiguration [null] for test class [com.stylefeng.guns.system.BlackBoardTest]
18:52:18.977 [main] DEBUG org.springframework.test.annotation.ProfileValueUtils - Retrieved ProfileValueSource type [class org.springframework.test.annotation.SystemProfileValueSource] for class [com.stylefeng.guns.system.BlackBoardTest]
18:52:18.978 [main] DEBUG org.springframework.test.annotation.ProfileValueUtils - Retrieved @ProfileValueSourceConfiguration [null] for test class [com.stylefeng.guns.system.DeptTest]
18:52:18.981 [main] DEBUG org.springframework.test.annotation.ProfileValueUtils - Retrieved ProfileValueSource type [class org.springframework.test.annotation.SystemProfileValueSource] for class [com.stylefeng.guns.system.DeptTest]
18:52:18.982 [main] DEBUG org.springframework.test.annotation.ProfileValueUtils - Retrieved @ProfileValueSourceConfiguration [null] for test class [com.stylefeng.guns.system.DictTest]
18:52:18.983 [main] DEBUG org.springframework.test.annotation.ProfileValueUtils - Retrieved ProfileValueSource type [class org.springframework.test.annotation.SystemProfileValueSource] for class [com.stylefeng.guns.system.DictTest]
18:52:18.983 [main] DEBUG org.springframework.test.annotation.ProfileValueUtils - Retrieved @ProfileValueSourceConfiguration [null] for test class [com.stylefeng.guns.system.MenuTest]
18:52:18.984 [main] DEBUG org.springframework.test.annotation.ProfileValueUtils - Retrieved ProfileValueSource type [class org.springframework.test.annotation.SystemProfileValueSource] for class [com.stylefeng.guns.system.MenuTest]
18:52:18.991 [main] DEBUG org.springframework.test.context.junit4.SpringJUnit4ClassRunner - SpringJUnit4ClassRunner constructor called with [class com.stylefeng.guns.biz.BizTest]
18:52:18.991 [main] DEBUG org.springframework.test.context.BootstrapUtils - Instantiating CacheAwareContextLoaderDelegate from class [org.springframework.test.context.cache.DefaultCacheAwareContextLoaderDelegate]
18:52:18.991 [main] DEBUG org.springframework.test.context.BootstrapUtils - Instantiating BootstrapContext using constructor [public org.springframework.test.context.support.DefaultBootstrapContext(java.lang.Class,org.springframework.test.context.CacheAwareContextLoaderDelegate)]
18:52:18.992 [main] DEBUG org.springframework.test.context.BootstrapUtils - Instantiating TestContextBootstrapper for test class [com.stylefeng.guns.biz.BizTest] from class [org.springframework.boot.test.context.SpringBootTestContextBootstrapper]
18:52:18.992 [main] INFO org.springframework.boot.test.context.SpringBootTestContextBootstrapper - Neither @ContextConfiguration nor @ContextHierarchy found for test class [com.stylefeng.guns.biz.BizTest], using SpringBootContextLoader
18:52:18.993 [main] DEBUG org.springframework.test.context.support.AbstractContextLoader - Did not detect default resource location for test class [com.stylefeng.guns.biz.BizTest]: class path resource [com/stylefeng/guns/biz/BizTest-context.xml] does not exist
18:52:18.993 [main] DEBUG org.springframework.test.context.support.AbstractContextLoader - Did not detect default resource location for test class [com.stylefeng.guns.biz.BizTest]: class path resource [com/stylefeng/guns/biz/BizTestContext.groovy] does not exist
18:52:18.993 [main] INFO org.springframework.test.context.support.AbstractContextLoader - Could not detect default resource locations for test class [com.stylefeng.guns.biz.BizTest]: no resource found for suffixes {-context.xml, Context.groovy}.
18:52:19.002 [main] DEBUG org.springframework.test.context.support.ActiveProfilesUtils - Could not find an 'annotation declaring class' for annotation type [org.springframework.test.context.ActiveProfiles] and class [com.stylefeng.guns.biz.BizTest]
18:52:19.004 [main] DEBUG org.springframework.boot.test.context.SpringBootTestContextBootstrapper - @TestExecutionListeners is not present for class [com.stylefeng.guns.biz.BizTest]: using defaults.
18:52:19.006 [main] INFO org.springframework.boot.test.context.SpringBootTestContextBootstrapper - Loaded default TestExecutionListener class names from location [META-INF/spring.factories]: [org.springframework.boot.test.mock.mockito.MockitoTestExecutionListener, org.springframework.boot.test.mock.mockito.ResetMocksTestExecutionListener, org.springframework.boot.test.autoconfigure.restdocs.RestDocsTestExecutionListener, org.springframework.boot.test.autoconfigure.web.client.MockRestServiceServerResetTestExecutionListener, org.springframework.boot.test.autoconfigure.web.servlet.MockMvcPrintOnlyOnFailureTestExecutionListener, org.springframework.boot.test.autoconfigure.web.servlet.WebDriverTestExecutionListener, org.springframework.test.context.web.ServletTestExecutionListener, org.springframework.test.context.support.DirtiesContextBeforeModesTestExecutionListener, org.springframework.test.context.support.DependencyInjectionTestExecutionListener, org.springframework.test.context.support.DirtiesContextTestExecutionListener, org.springframework.test.context.transaction.TransactionalTestExecutionListener, org.springframework.test.context.jdbc.SqlScriptsTestExecutionListener]
18:52:19.009 [main] INFO org.springframework.boot.test.context.SpringBootTestContextBootstrapper - Using TestExecutionListeners: [org.springframework.test.context.web.ServletTestExecutionListener@c33b74f, org.springframework.test.context.support.DirtiesContextBeforeModesTestExecutionListener@130161f7, org.springframework.boot.test.autoconfigure.SpringBootDependencyInjectionTestExecutionListener@2c767a52, org.springframework.test.context.support.DirtiesContextTestExecutionListener@619713e5, org.springframework.test.context.transaction.TransactionalTestExecutionListener@708f5957, org.springframework.test.context.jdbc.SqlScriptsTestExecutionListener@68999068, org.springframework.boot.test.autoconfigure.web.servlet.WebDriverTestExecutionListener@7722c3c3, org.springframework.boot.test.autoconfigure.web.servlet.MockMvcPrintOnlyOnFailureTestExecutionListener@2ef3eef9, org.springframework.boot.test.autoconfigure.restdocs.RestDocsTestExecutionListener@243c4f91, org.springframework.boot.test.mock.mockito.ResetMocksTestExecutionListener@291ae, org.springframework.boot.test.autoconfigure.web.client.MockRestServiceServerResetTestExecutionListener@61df66b6, org.springframework.boot.test.mock.mockito.MockitoTestExecutionListener@50eac852]
18:52:19.010 [main] DEBUG org.springframework.test.annotation.ProfileValueUtils - Retrieved @ProfileValueSourceConfiguration [null] for test class [com.stylefeng.guns.biz.BizTest]
18:52:19.010 [main] DEBUG org.springframework.test.annotation.ProfileValueUtils - Retrieved ProfileValueSource type [class org.springframework.test.annotation.SystemProfileValueSource] for class [com.stylefeng.guns.biz.BizTest]
18:52:19.011 [main] DEBUG org.springframework.test.annotation.ProfileValueUtils - Retrieved @ProfileValueSourceConfiguration [null] for test class [com.stylefeng.guns.biz.BizTest]
18:52:19.011 [main] DEBUG org.springframework.test.annotation.ProfileValueUtils - Retrieved ProfileValueSource type [class org.springframework.test.annotation.SystemProfileValueSource] for class [com.stylefeng.guns.biz.BizTest]
18:52:19.017 [main] DEBUG org.springframework.test.context.support.AbstractDirtiesContextTestExecutionListener - Before test class: context [DefaultTestContext@6973b51b testClass = BizTest, testInstance = [null], testMethod = [null], testException = [null], mergedContextConfiguration = [WebMergedContextConfiguration@1ab3a8c8 testClass = BizTest, locations = '{}', classes = '{class com.stylefeng.guns.GunsApplication, class com.stylefeng.guns.GunsApplication}', contextInitializerClasses = '[]', activeProfiles = '{}', propertySourceLocations = '{}', propertySourceProperties = '{org.springframework.boot.test.context.SpringBootTestContextBootstrapper=true}', contextCustomizers = set[org.springframework.boot.test.context.SpringBootTestContextCustomizer@305fd85d, org.springframework.boot.test.context.filter.ExcludeFilterContextCustomizer@34cd072c, org.springframework.boot.test.mock.mockito.MockitoContextCustomizer@0, org.springframework.boot.test.autoconfigure.properties.PropertyMappingContextCustomizer@0, org.springframework.boot.test.autoconfigure.web.servlet.WebDriverContextCustomizerFactory$Customizer@37d31475], resourceBasePath = 'src/main/webapp', contextLoader = 'org.springframework.boot.test.context.SpringBootContextLoader', parent = [null]]], class annotated with @DirtiesContext [false] with mode [null].
18:52:19.018 [main] DEBUG org.springframework.test.annotation.ProfileValueUtils - Retrieved @ProfileValueSourceConfiguration [null] for test class [com.stylefeng.guns.biz.BizTest]
18:52:19.018 [main] DEBUG org.springframework.test.annotation.ProfileValueUtils - Retrieved ProfileValueSource type [class org.springframework.test.annotation.SystemProfileValueSource] for class [com.stylefeng.guns.biz.BizTest]
18:52:19.091 [main] DEBUG org.springframework.core.env.StandardEnvironment - Adding [systemProperties] PropertySource with lowest search precedence
18:52:19.092 [main] DEBUG org.springframework.core.env.StandardEnvironment - Adding [systemEnvironment] PropertySource with lowest search precedence
18:52:19.093 [main] DEBUG org.springframework.core.env.StandardEnvironment - Initialized StandardEnvironment with PropertySources [systemProperties,systemEnvironment]
18:52:19.100 [main] DEBUG org.springframework.core.env.MutablePropertySources - Adding [inline] PropertySource with highest search precedence
18:52:19.109 [main] DEBUG org.springframework.test.context.support.TestPropertySourceUtils - Adding inlined properties to environment: {spring.jmx.enabled=false, org.springframework.boot.test.context.SpringBootTestContextBootstrapper=true, server.port=-1}
18:52:19.110 [main] DEBUG org.springframework.core.env.StandardEnvironment - Adding [Inlined Test Properties] PropertySource with highest search precedence

  .   ____          _            __ _ _
 /\\ / ___'_ __ _ _(_)_ __  __ _ \ \ \ \
( ( )\___ | '_ | '_| | '_ \/ _` | \ \ \ \
 \\/  ___)| |_)| | | | | || (_| |  ) ) ) )
  '  |____| .__|_| |_|_| |_\__, | / / / /
 =========|_|==============|___/=/_/_/_/
 :: Spring Boot ::        (v1.5.3.RELEASE)

2017-09-20 18:52:19.712  INFO 9540 --- [           main] com.stylefeng.guns.biz.BizTest           : Starting BizTest on localhost with PID 9540 (started by wf in /Users/wf/IdeaProjects/guns/guns-admin)
2017-09-20 18:52:19.723 DEBUG 9540 --- [           main] com.stylefeng.guns.biz.BizTest           : Running with Spring Boot v1.5.3.RELEASE, Spring v4.3.8.RELEASE
2017-09-20 18:52:19.724  INFO 9540 --- [           main] com.stylefeng.guns.biz.BizTest           : The following profiles are active: dev
2017-09-20 18:52:19.801  INFO 9540 --- [           main] o.s.w.c.s.GenericWebApplicationContext   : Refreshing org.springframework.web.context.support.GenericWebApplicationContext@27eedb64: startup date [Wed Sep 20 18:52:19 CST 2017]; root of context hierarchy
2017-09-20 18:52:21.120  INFO 9540 --- [           main] .s.d.r.c.RepositoryConfigurationDelegate : Multiple Spring Data modules found, entering strict repository configuration mode!
2017-09-20 18:52:21.760  INFO 9540 --- [           main] trationDelegate$BeanPostProcessorChecker : Bean 'shiroConfig' of type [com.stylefeng.guns.config.web.ShiroConfig$$EnhancerBySpringCGLIB$$630e247] is not eligible for getting processed by all BeanPostProcessors (for example: not eligible for auto-proxying)
2017-09-20 18:52:21.832  INFO 9540 --- [           main] trationDelegate$BeanPostProcessorChecker : Bean 'webConfig' of type [com.stylefeng.guns.config.web.WebConfig$$EnhancerBySpringCGLIB$$a015738a] is not eligible for getting processed by all BeanPostProcessors (for example: not eligible for auto-proxying)
2017-09-20 18:52:21.863  INFO 9540 --- [           main] trationDelegate$BeanPostProcessorChecker : Bean 'rememberMeCookie' of type [org.apache.shiro.web.servlet.SimpleCookie] is not eligible for getting processed by all BeanPostProcessors (for example: not eligible for auto-proxying)
2017-09-20 18:52:22.091  INFO 9540 --- [           main] trationDelegate$BeanPostProcessorChecker : Bean 'rememberMeManager' of type [org.apache.shiro.web.mgt.CookieRememberMeManager] is not eligible for getting processed by all BeanPostProcessors (for example: not eligible for auto-proxying)
2017-09-20 18:52:22.099  INFO 9540 --- [           main] trationDelegate$BeanPostProcessorChecker : Bean 'ehCacheConfig' of type [com.stylefeng.guns.config.EhCacheConfig$$EnhancerBySpringCGLIB$$1140624f] is not eligible for getting processed by all BeanPostProcessors (for example: not eligible for auto-proxying)
2017-09-20 18:52:22.110  INFO 9540 --- [           main] o.s.c.ehcache.EhCacheManagerFactoryBean  : Initializing EhCache CacheManager
2017-09-20 18:52:22.254  INFO 9540 --- [           main] trationDelegate$BeanPostProcessorChecker : Bean 'ehcache' of type [org.springframework.cache.ehcache.EhCacheManagerFactoryBean] is not eligible for getting processed by all BeanPostProcessors (for example: not eligible for auto-proxying)
2017-09-20 18:52:22.260  INFO 9540 --- [           main] trationDelegate$BeanPostProcessorChecker : Bean 'getCacheShiroManager' of type [org.apache.shiro.cache.ehcache.EhCacheManager] is not eligible for getting processed by all BeanPostProcessors (for example: not eligible for auto-proxying)
2017-09-20 18:52:22.266  INFO 9540 --- [           main] trationDelegate$BeanPostProcessorChecker : Bean 'servletContainerSessionManager' of type [org.apache.shiro.web.session.mgt.ServletContainerSessionManager] is not eligible for getting processed by all BeanPostProcessors (for example: not eligible for auto-proxying)
2017-09-20 18:52:22.305  INFO 9540 --- [           main] trationDelegate$BeanPostProcessorChecker : Bean 'shiroDbRealm' of type [com.stylefeng.guns.core.shiro.ShiroDbRealm] is not eligible for getting processed by all BeanPostProcessors (for example: not eligible for auto-proxying)
2017-09-20 18:52:22.309  INFO 9540 --- [           main] o.a.shiro.cache.ehcache.EhCacheManager   : Cache with name 'com.stylefeng.guns.core.shiro.ShiroDbRealm.authorizationCache' does not yet exist.  Creating now.
2017-09-20 18:52:22.314  INFO 9540 --- [           main] o.a.shiro.cache.ehcache.EhCacheManager   : Added EhCache named [com.stylefeng.guns.core.shiro.ShiroDbRealm.authorizationCache]
2017-09-20 18:52:22.342  INFO 9540 --- [           main] trationDelegate$BeanPostProcessorChecker : Bean 'securityManager' of type [org.apache.shiro.web.mgt.DefaultWebSecurityManager] is not eligible for getting processed by all BeanPostProcessors (for example: not eligible for auto-proxying)
2017-09-20 18:52:22.359  INFO 9540 --- [           main] trationDelegate$BeanPostProcessorChecker : Bean 'methodInvokingFactoryBean' of type [org.springframework.beans.factory.config.MethodInvokingFactoryBean] is not eligible for getting processed by all BeanPostProcessors (for example: not eligible for auto-proxying)
2017-09-20 18:52:22.511  INFO 9540 --- [           main] trationDelegate$BeanPostProcessorChecker : Bean 'authorizationAttributeSourceAdvisor' of type [org.apache.shiro.spring.security.interceptor.AuthorizationAttributeSourceAdvisor] is not eligible for getting processed by all BeanPostProcessors (for example: not eligible for auto-proxying)
2017-09-20 18:52:22.521  INFO 9540 --- [           main] trationDelegate$BeanPostProcessorChecker : Bean 'druidStatPointcut' of type [org.springframework.aop.support.JdkRegexpMethodPointcut] is not eligible for getting processed by all BeanPostProcessors (for example: not eligible for auto-proxying)
2017-09-20 18:52:22.537  INFO 9540 --- [           main] trationDelegate$BeanPostProcessorChecker : Bean 'druidStatInterceptor' of type [com.alibaba.druid.support.spring.stat.DruidStatInterceptor] is not eligible for getting processed by all BeanPostProcessors (for example: not eligible for auto-proxying)
2017-09-20 18:52:22.548  INFO 9540 --- [           main] trationDelegate$BeanPostProcessorChecker : Bean 'druidStatAdvisor' of type [org.springframework.aop.support.DefaultPointcutAdvisor] is not eligible for getting processed by all BeanPostProcessors (for example: not eligible for auto-proxying)
2017-09-20 18:52:22.621  INFO 9540 --- [           main] trationDelegate$BeanPostProcessorChecker : Bean 'org.springframework.transaction.annotation.ProxyTransactionManagementConfiguration' of type [org.springframework.transaction.annotation.ProxyTransactionManagementConfiguration$$EnhancerBySpringCGLIB$$f3dc6a0c] is not eligible for getting processed by all BeanPostProcessors (for example: not eligible for auto-proxying)
2017-09-20 18:52:22.924  INFO 9540 --- [           main] trationDelegate$BeanPostProcessorChecker : Bean 'org.springframework.cache.annotation.ProxyCachingConfiguration' of type [org.springframework.cache.annotation.ProxyCachingConfiguration$$EnhancerBySpringCGLIB$$3ceea02a] is not eligible for getting processed by all BeanPostProcessors (for example: not eligible for auto-proxying)
2017-09-20 18:52:25.350  INFO 9540 --- [           main] com.alibaba.druid.pool.DruidDataSource   : {dataSource-1} inited
2017-09-20 18:52:28.212  INFO 9540 --- [           main] s.w.s.m.m.a.RequestMappingHandlerMapping : Mapped "{[/blackboard]}" onto public java.lang.String com.stylefeng.guns.modular.system.controller.BlackboardController.blackboard(org.springframework.ui.Model)
2017-09-20 18:52:28.216  INFO 9540 --- [           main] s.w.s.m.m.a.RequestMappingHandlerMapping : Mapped "{[/code]}" onto public java.lang.String com.stylefeng.guns.modular.system.controller.CodeController.index()
2017-09-20 18:52:28.218  INFO 9540 --- [           main] s.w.s.m.m.a.RequestMappingHandlerMapping : Mapped "{[/code/generate],methods=[POST]}" onto public java.lang.Object com.stylefeng.guns.modular.system.controller.CodeController.add(java.lang.String,java.lang.String,java.lang.String,java.lang.String)
2017-09-20 18:52:28.227  INFO 9540 --- [           main] s.w.s.m.m.a.RequestMappingHandlerMapping : Mapped "{[/dept]}" onto public java.lang.String com.stylefeng.guns.modular.system.controller.DeptController.index()
2017-09-20 18:52:28.228  INFO 9540 --- [           main] s.w.s.m.m.a.RequestMappingHandlerMapping : Mapped "{[/dept/add]}" onto public java.lang.Object com.stylefeng.guns.modular.system.controller.DeptController.add(com.stylefeng.guns.common.persistence.model.Dept)
2017-09-20 18:52:28.231  INFO 9540 --- [           main] s.w.s.m.m.a.RequestMappingHandlerMapping : Mapped "{[/dept/update]}" onto public java.lang.Object com.stylefeng.guns.modular.system.controller.DeptController.update(com.stylefeng.guns.common.persistence.model.Dept)
2017-09-20 18:52:28.233  INFO 9540 --- [           main] s.w.s.m.m.a.RequestMappingHandlerMapping : Mapped "{[/dept/delete]}" onto public java.lang.Object com.stylefeng.guns.modular.system.controller.DeptController.delete(java.lang.Integer)
2017-09-20 18:52:28.235  INFO 9540 --- [           main] s.w.s.m.m.a.RequestMappingHandlerMapping : Mapped "{[/dept/list]}" onto public java.lang.Object com.stylefeng.guns.modular.system.controller.DeptController.list(java.lang.String)
2017-09-20 18:52:28.238  INFO 9540 --- [           main] s.w.s.m.m.a.RequestMappingHandlerMapping : Mapped "{[/dept/tree]}" onto public java.util.List<com.stylefeng.guns.core.node.ZTreeNode> com.stylefeng.guns.modular.system.controller.DeptController.tree()
2017-09-20 18:52:28.239  INFO 9540 --- [           main] s.w.s.m.m.a.RequestMappingHandlerMapping : Mapped "{[/dept/detail/{deptId}]}" onto public java.lang.Object com.stylefeng.guns.modular.system.controller.DeptController.detail(java.lang.Integer)
2017-09-20 18:52:28.240  INFO 9540 --- [           main] s.w.s.m.m.a.RequestMappingHandlerMapping : Mapped "{[/dept/dept_add]}" onto public java.lang.String com.stylefeng.guns.modular.system.controller.DeptController.deptAdd()
2017-09-20 18:52:28.243  INFO 9540 --- [           main] s.w.s.m.m.a.RequestMappingHandlerMapping : Mapped "{[/dept/dept_update/{deptId}]}" onto public java.lang.String com.stylefeng.guns.modular.system.controller.DeptController.deptUpdate(java.lang.Integer,org.springframework.ui.Model)
2017-09-20 18:52:28.257  INFO 9540 --- [           main] s.w.s.m.m.a.RequestMappingHandlerMapping : Mapped "{[/dict]}" onto public java.lang.String com.stylefeng.guns.modular.system.controller.DictController.index()
2017-09-20 18:52:28.259  INFO 9540 --- [           main] s.w.s.m.m.a.RequestMappingHandlerMapping : Mapped "{[/dict/add]}" onto public java.lang.Object com.stylefeng.guns.modular.system.controller.DictController.add(java.lang.String,java.lang.String)
2017-09-20 18:52:28.259  INFO 9540 --- [           main] s.w.s.m.m.a.RequestMappingHandlerMapping : Mapped "{[/dict/update]}" onto public java.lang.Object com.stylefeng.guns.modular.system.controller.DictController.update(java.lang.Integer,java.lang.String,java.lang.String)
2017-09-20 18:52:28.260  INFO 9540 --- [           main] s.w.s.m.m.a.RequestMappingHandlerMapping : Mapped "{[/dict/delete]}" onto public java.lang.Object com.stylefeng.guns.modular.system.controller.DictController.delete(java.lang.Integer)
2017-09-20 18:52:28.261  INFO 9540 --- [           main] s.w.s.m.m.a.RequestMappingHandlerMapping : Mapped "{[/dict/list]}" onto public java.lang.Object com.stylefeng.guns.modular.system.controller.DictController.list(java.lang.String)
2017-09-20 18:52:28.262  INFO 9540 --- [           main] s.w.s.m.m.a.RequestMappingHandlerMapping : Mapped "{[/dict/detail/{dictId}]}" onto public java.lang.Object com.stylefeng.guns.modular.system.controller.DictController.detail(java.lang.Integer)
2017-09-20 18:52:28.263  INFO 9540 --- [           main] s.w.s.m.m.a.RequestMappingHandlerMapping : Mapped "{[/dict/dict_add]}" onto public java.lang.String com.stylefeng.guns.modular.system.controller.DictController.deptAdd()
2017-09-20 18:52:28.264  INFO 9540 --- [           main] s.w.s.m.m.a.RequestMappingHandlerMapping : Mapped "{[/dict/dict_edit/{dictId}]}" onto public java.lang.String com.stylefeng.guns.modular.system.controller.DictController.deptUpdate(java.lang.Integer,org.springframework.ui.Model)
2017-09-20 18:52:28.265  INFO 9540 --- [           main] s.w.s.m.m.a.RequestMappingHandlerMapping : Mapped "{[/kaptcha]}" onto public void com.stylefeng.guns.modular.system.controller.KaptchaController.index(javax.servlet.http.HttpServletRequest,javax.servlet.http.HttpServletResponse)
2017-09-20 18:52:28.266  INFO 9540 --- [           main] s.w.s.m.m.a.RequestMappingHandlerMapping : Mapped "{[/kaptcha/{pictureId}]}" onto public void com.stylefeng.guns.modular.system.controller.KaptchaController.renderPicture(java.lang.String,javax.servlet.http.HttpServletResponse)
2017-09-20 18:52:28.267  INFO 9540 --- [           main] s.w.s.m.m.a.RequestMappingHandlerMapping : Mapped "{[/log]}" onto public java.lang.String com.stylefeng.guns.modular.system.controller.LogController.index()
2017-09-20 18:52:28.268  INFO 9540 --- [           main] s.w.s.m.m.a.RequestMappingHandlerMapping : Mapped "{[/log/list]}" onto public java.lang.Object com.stylefeng.guns.modular.system.controller.LogController.list(java.lang.String,java.lang.String,java.lang.String,java.lang.Integer)
2017-09-20 18:52:28.270  INFO 9540 --- [           main] s.w.s.m.m.a.RequestMappingHandlerMapping : Mapped "{[/log/delLog]}" onto public java.lang.Object com.stylefeng.guns.modular.system.controller.LogController.delLog()
2017-09-20 18:52:28.272  INFO 9540 --- [           main] s.w.s.m.m.a.RequestMappingHandlerMapping : Mapped "{[/log/detail/{id}]}" onto public java.lang.Object com.stylefeng.guns.modular.system.controller.LogController.detail(java.lang.Integer)
2017-09-20 18:52:28.274  INFO 9540 --- [           main] s.w.s.m.m.a.RequestMappingHandlerMapping : Mapped "{[/],methods=[GET]}" onto public java.lang.String com.stylefeng.guns.modular.system.controller.LoginController.index(org.springframework.ui.Model)
2017-09-20 18:52:28.275  INFO 9540 --- [           main] s.w.s.m.m.a.RequestMappingHandlerMapping : Mapped "{[/login],methods=[GET]}" onto public java.lang.String com.stylefeng.guns.modular.system.controller.LoginController.login()
2017-09-20 18:52:28.279  INFO 9540 --- [           main] s.w.s.m.m.a.RequestMappingHandlerMapping : Mapped "{[/login],methods=[POST]}" onto public java.lang.String com.stylefeng.guns.modular.system.controller.LoginController.loginVali()
2017-09-20 18:52:28.281  INFO 9540 --- [           main] s.w.s.m.m.a.RequestMappingHandlerMapping : Mapped "{[/logout],methods=[GET]}" onto public java.lang.String com.stylefeng.guns.modular.system.controller.LoginController.logOut()
2017-09-20 18:52:28.286  INFO 9540 --- [           main] s.w.s.m.m.a.RequestMappingHandlerMapping : Mapped "{[/loginLog]}" onto public java.lang.String com.stylefeng.guns.modular.system.controller.LoginLogController.index()
2017-09-20 18:52:28.288  INFO 9540 --- [           main] s.w.s.m.m.a.RequestMappingHandlerMapping : Mapped "{[/loginLog/list]}" onto public java.lang.Object com.stylefeng.guns.modular.system.controller.LoginLogController.list(java.lang.String,java.lang.String,java.lang.String)
2017-09-20 18:52:28.289  INFO 9540 --- [           main] s.w.s.m.m.a.RequestMappingHandlerMapping : Mapped "{[/loginLog/delLoginLog]}" onto public java.lang.Object com.stylefeng.guns.modular.system.controller.LoginLogController.delLog()
2017-09-20 18:52:28.320  INFO 9540 --- [           main] s.w.s.m.m.a.RequestMappingHandlerMapping : Mapped "{[/menu]}" onto public java.lang.String com.stylefeng.guns.modular.system.controller.MenuController.index()
2017-09-20 18:52:28.323  INFO 9540 --- [           main] s.w.s.m.m.a.RequestMappingHandlerMapping : Mapped "{[/menu/add]}" onto public com.stylefeng.guns.core.base.tips.Tip com.stylefeng.guns.modular.system.controller.MenuController.add(com.stylefeng.guns.common.persistence.model.Menu,org.springframework.validation.BindingResult)
2017-09-20 18:52:28.324  INFO 9540 --- [           main] s.w.s.m.m.a.RequestMappingHandlerMapping : Mapped "{[/menu/remove]}" onto public com.stylefeng.guns.core.base.tips.Tip com.stylefeng.guns.modular.system.controller.MenuController.remove(java.lang.Integer)
2017-09-20 18:52:28.325  INFO 9540 --- [           main] s.w.s.m.m.a.RequestMappingHandlerMapping : Mapped "{[/menu/list]}" onto public java.lang.Object com.stylefeng.guns.modular.system.controller.MenuController.list(java.lang.String,java.lang.String)
2017-09-20 18:52:28.326  INFO 9540 --- [           main] s.w.s.m.m.a.RequestMappingHandlerMapping : Mapped "{[/menu/view/{menuId}]}" onto public com.stylefeng.guns.core.base.tips.Tip com.stylefeng.guns.modular.system.controller.MenuController.view(java.lang.Integer)
2017-09-20 18:52:28.328  INFO 9540 --- [           main] s.w.s.m.m.a.RequestMappingHandlerMapping : Mapped "{[/menu/menu_add]}" onto public java.lang.String com.stylefeng.guns.modular.system.controller.MenuController.menuAdd()
2017-09-20 18:52:28.329  INFO 9540 --- [           main] s.w.s.m.m.a.RequestMappingHandlerMapping : Mapped "{[/menu/menu_edit/{menuId}]}" onto public java.lang.String com.stylefeng.guns.modular.system.controller.MenuController.menuEdit(java.lang.Integer,org.springframework.ui.Model)
2017-09-20 18:52:28.329  INFO 9540 --- [           main] s.w.s.m.m.a.RequestMappingHandlerMapping : Mapped "{[/menu/edit]}" onto public com.stylefeng.guns.core.base.tips.Tip com.stylefeng.guns.modular.system.controller.MenuController.edit(com.stylefeng.guns.common.persistence.model.Menu,org.springframework.validation.BindingResult)
2017-09-20 18:52:28.330  INFO 9540 --- [           main] s.w.s.m.m.a.RequestMappingHandlerMapping : Mapped "{[/menu/menuTreeList]}" onto public java.util.List<com.stylefeng.guns.core.node.ZTreeNode> com.stylefeng.guns.modular.system.controller.MenuController.menuTreeList()
2017-09-20 18:52:28.331  INFO 9540 --- [           main] s.w.s.m.m.a.RequestMappingHandlerMapping : Mapped "{[/menu/selectMenuTreeList]}" onto public java.util.List<com.stylefeng.guns.core.node.ZTreeNode> com.stylefeng.guns.modular.system.controller.MenuController.selectMenuTreeList()
2017-09-20 18:52:28.332  INFO 9540 --- [           main] s.w.s.m.m.a.RequestMappingHandlerMapping : Mapped "{[/menu/menuTreeListByRoleId/{roleId}]}" onto public java.util.List<com.stylefeng.guns.core.node.ZTreeNode> com.stylefeng.guns.modular.system.controller.MenuController.menuTreeListByRoleId(java.lang.Integer)
2017-09-20 18:52:28.335  INFO 9540 --- [           main] s.w.s.m.m.a.RequestMappingHandlerMapping : Mapped "{[/notice]}" onto public java.lang.String com.stylefeng.guns.modular.system.controller.NoticeController.index()
2017-09-20 18:52:28.336  INFO 9540 --- [           main] s.w.s.m.m.a.RequestMappingHandlerMapping : Mapped "{[/notice/add]}" onto public java.lang.Object com.stylefeng.guns.modular.system.controller.NoticeController.add(com.stylefeng.guns.common.persistence.model.Notice)
2017-09-20 18:52:28.337  INFO 9540 --- [           main] s.w.s.m.m.a.RequestMappingHandlerMapping : Mapped "{[/notice/update]}" onto public java.lang.Object com.stylefeng.guns.modular.system.controller.NoticeController.update(com.stylefeng.guns.common.persistence.model.Notice)
2017-09-20 18:52:28.337  INFO 9540 --- [           main] s.w.s.m.m.a.RequestMappingHandlerMapping : Mapped "{[/notice/delete]}" onto public java.lang.Object com.stylefeng.guns.modular.system.controller.NoticeController.delete(java.lang.Integer)
2017-09-20 18:52:28.338  INFO 9540 --- [           main] s.w.s.m.m.a.RequestMappingHandlerMapping : Mapped "{[/notice/list]}" onto public java.lang.Object com.stylefeng.guns.modular.system.controller.NoticeController.list(java.lang.String)
2017-09-20 18:52:28.344  INFO 9540 --- [           main] s.w.s.m.m.a.RequestMappingHandlerMapping : Mapped "{[/notice/notice_add]}" onto public java.lang.String com.stylefeng.guns.modular.system.controller.NoticeController.noticeAdd()
2017-09-20 18:52:28.367  INFO 9540 --- [           main] s.w.s.m.m.a.RequestMappingHandlerMapping : Mapped "{[/notice/notice_update/{noticeId}]}" onto public java.lang.String com.stylefeng.guns.modular.system.controller.NoticeController.noticeUpdate(java.lang.Integer,org.springframework.ui.Model)
2017-09-20 18:52:28.369  INFO 9540 --- [           main] s.w.s.m.m.a.RequestMappingHandlerMapping : Mapped "{[/notice/hello]}" onto public java.lang.String com.stylefeng.guns.modular.system.controller.NoticeController.hello()
2017-09-20 18:52:28.373  INFO 9540 --- [           main] s.w.s.m.m.a.RequestMappingHandlerMapping : Mapped "{[/role]}" onto public java.lang.String com.stylefeng.guns.modular.system.controller.RoleController.index()
2017-09-20 18:52:28.375  INFO 9540 --- [           main] s.w.s.m.m.a.RequestMappingHandlerMapping : Mapped "{[/role/add]}" onto public com.stylefeng.guns.core.base.tips.Tip com.stylefeng.guns.modular.system.controller.RoleController.add(com.stylefeng.guns.common.persistence.model.Role,org.springframework.validation.BindingResult)
2017-09-20 18:52:28.378  INFO 9540 --- [           main] s.w.s.m.m.a.RequestMappingHandlerMapping : Mapped "{[/role/remove]}" onto public com.stylefeng.guns.core.base.tips.Tip com.stylefeng.guns.modular.system.controller.RoleController.remove(java.lang.Integer)
2017-09-20 18:52:28.384  INFO 9540 --- [           main] s.w.s.m.m.a.RequestMappingHandlerMapping : Mapped "{[/role/list]}" onto public java.lang.Object com.stylefeng.guns.modular.system.controller.RoleController.list(java.lang.String)
2017-09-20 18:52:28.385  INFO 9540 --- [           main] s.w.s.m.m.a.RequestMappingHandlerMapping : Mapped "{[/role/view/{roleId}]}" onto public com.stylefeng.guns.core.base.tips.Tip com.stylefeng.guns.modular.system.controller.RoleController.view(java.lang.Integer)
2017-09-20 18:52:28.388  INFO 9540 --- [           main] s.w.s.m.m.a.RequestMappingHandlerMapping : Mapped "{[/role/edit]}" onto public com.stylefeng.guns.core.base.tips.Tip com.stylefeng.guns.modular.system.controller.RoleController.edit(com.stylefeng.guns.common.persistence.model.Role,org.springframework.validation.BindingResult)
2017-09-20 18:52:28.397  INFO 9540 --- [           main] s.w.s.m.m.a.RequestMappingHandlerMapping : Mapped "{[/role/roleTreeList]}" onto public java.util.List<com.stylefeng.guns.core.node.ZTreeNode> com.stylefeng.guns.modular.system.controller.RoleController.roleTreeList()
2017-09-20 18:52:28.398  INFO 9540 --- [           main] s.w.s.m.m.a.RequestMappingHandlerMapping : Mapped "{[/role/roleTreeListByUserId/{userId}]}" onto public java.util.List<com.stylefeng.guns.core.node.ZTreeNode> com.stylefeng.guns.modular.system.controller.RoleController.roleTreeListByUserId(java.lang.Integer)
2017-09-20 18:52:28.399  INFO 9540 --- [           main] s.w.s.m.m.a.RequestMappingHandlerMapping : Mapped "{[/role/role_add]}" onto public java.lang.String com.stylefeng.guns.modular.system.controller.RoleController.roleAdd()
2017-09-20 18:52:28.400  INFO 9540 --- [           main] s.w.s.m.m.a.RequestMappingHandlerMapping : Mapped "{[/role/role_edit/{roleId}]}" onto public java.lang.String com.stylefeng.guns.modular.system.controller.RoleController.roleEdit(java.lang.Integer,org.springframework.ui.Model)
2017-09-20 18:52:28.401  INFO 9540 --- [           main] s.w.s.m.m.a.RequestMappingHandlerMapping : Mapped "{[/role/role_assign/{roleId}]}" onto public java.lang.String com.stylefeng.guns.modular.system.controller.RoleController.roleAssign(java.lang.Integer,org.springframework.ui.Model)
2017-09-20 18:52:28.404  INFO 9540 --- [           main] s.w.s.m.m.a.RequestMappingHandlerMapping : Mapped "{[/role/setAuthority]}" onto public com.stylefeng.guns.core.base.tips.Tip com.stylefeng.guns.modular.system.controller.RoleController.setAuthority(java.lang.Integer,java.lang.String)
2017-09-20 18:52:28.410  INFO 9540 --- [           main] s.w.s.m.m.a.RequestMappingHandlerMapping : Mapped "{[/mgr]}" onto public java.lang.String com.stylefeng.guns.modular.system.controller.UserMgrController.index()
2017-09-20 18:52:28.410  INFO 9540 --- [           main] s.w.s.m.m.a.RequestMappingHandlerMapping : Mapped "{[/mgr/add]}" onto public com.stylefeng.guns.core.base.tips.Tip com.stylefeng.guns.modular.system.controller.UserMgrController.add(com.stylefeng.guns.modular.system.transfer.UserDto,org.springframework.validation.BindingResult)
2017-09-20 18:52:28.411  INFO 9540 --- [           main] s.w.s.m.m.a.RequestMappingHandlerMapping : Mapped "{[/mgr/delete]}" onto public com.stylefeng.guns.core.base.tips.Tip com.stylefeng.guns.modular.system.controller.UserMgrController.delete(java.lang.Integer)
2017-09-20 18:52:28.412  INFO 9540 --- [           main] s.w.s.m.m.a.RequestMappingHandlerMapping : Mapped "{[/mgr/list]}" onto public java.lang.Object com.stylefeng.guns.modular.system.controller.UserMgrController.list(java.lang.String,java.lang.String,java.lang.String,java.lang.Integer)
2017-09-20 18:52:28.413  INFO 9540 --- [           main] s.w.s.m.m.a.RequestMappingHandlerMapping : Mapped "{[/mgr/reset]}" onto public com.stylefeng.guns.core.base.tips.Tip com.stylefeng.guns.modular.system.controller.UserMgrController.reset(java.lang.Integer)
2017-09-20 18:52:28.413  INFO 9540 --- [           main] s.w.s.m.m.a.RequestMappingHandlerMapping : Mapped "{[/mgr/user_info]}" onto public java.lang.String com.stylefeng.guns.modular.system.controller.UserMgrController.userInfo(org.springframework.ui.Model)
2017-09-20 18:52:28.414  INFO 9540 --- [           main] s.w.s.m.m.a.RequestMappingHandlerMapping : Mapped "{[/mgr/setRole]}" onto public com.stylefeng.guns.core.base.tips.Tip com.stylefeng.guns.modular.system.controller.UserMgrController.setRole(java.lang.Integer,java.lang.String)
2017-09-20 18:52:28.415  INFO 9540 --- [           main] s.w.s.m.m.a.RequestMappingHandlerMapping : Mapped "{[/mgr/view/{userId}]}" onto public com.stylefeng.guns.common.persistence.model.User com.stylefeng.guns.modular.system.controller.UserMgrController.view(java.lang.Integer)
2017-09-20 18:52:28.416  INFO 9540 --- [           main] s.w.s.m.m.a.RequestMappingHandlerMapping : Mapped "{[/mgr/edit]}" onto public com.stylefeng.guns.core.base.tips.Tip com.stylefeng.guns.modular.system.controller.UserMgrController.edit(com.stylefeng.guns.modular.system.transfer.UserDto,org.springframework.validation.BindingResult) throws javax.naming.NoPermissionException
2017-09-20 18:52:28.417  INFO 9540 --- [           main] s.w.s.m.m.a.RequestMappingHandlerMapping : Mapped "{[/mgr/role_assign/{userId}]}" onto public java.lang.String com.stylefeng.guns.modular.system.controller.UserMgrController.roleAssign(java.lang.Integer,org.springframework.ui.Model)
2017-09-20 18:52:28.418  INFO 9540 --- [           main] s.w.s.m.m.a.RequestMappingHandlerMapping : Mapped "{[/mgr/user_add]}" onto public java.lang.String com.stylefeng.guns.modular.system.controller.UserMgrController.addView()
2017-09-20 18:52:28.419  INFO 9540 --- [           main] s.w.s.m.m.a.RequestMappingHandlerMapping : Mapped "{[/mgr/user_edit/{userId}]}" onto public java.lang.String com.stylefeng.guns.modular.system.controller.UserMgrController.userEdit(java.lang.Integer,org.springframework.ui.Model)
2017-09-20 18:52:28.419  INFO 9540 --- [           main] s.w.s.m.m.a.RequestMappingHandlerMapping : Mapped "{[/mgr/user_chpwd]}" onto public java.lang.String com.stylefeng.guns.modular.system.controller.UserMgrController.chPwd()
2017-09-20 18:52:28.420  INFO 9540 --- [           main] s.w.s.m.m.a.RequestMappingHandlerMapping : Mapped "{[/mgr/changePwd]}" onto public java.lang.Object com.stylefeng.guns.modular.system.controller.UserMgrController.changePwd(java.lang.String,java.lang.String,java.lang.String)
2017-09-20 18:52:28.421  INFO 9540 --- [           main] s.w.s.m.m.a.RequestMappingHandlerMapping : Mapped "{[/mgr/freeze]}" onto public com.stylefeng.guns.core.base.tips.Tip com.stylefeng.guns.modular.system.controller.UserMgrController.freeze(java.lang.Integer)
2017-09-20 18:52:28.421  INFO 9540 --- [           main] s.w.s.m.m.a.RequestMappingHandlerMapping : Mapped "{[/mgr/unfreeze]}" onto public com.stylefeng.guns.core.base.tips.Tip com.stylefeng.guns.modular.system.controller.UserMgrController.unfreeze(java.lang.Integer)
2017-09-20 18:52:28.422  INFO 9540 --- [           main] s.w.s.m.m.a.RequestMappingHandlerMapping : Mapped "{[/mgr/upload],methods=[POST]}" onto public java.lang.String com.stylefeng.guns.modular.system.controller.UserMgrController.upload(org.springframework.web.multipart.MultipartFile)
2017-09-20 18:52:28.424  INFO 9540 --- [           main] s.w.s.m.m.a.RequestMappingHandlerMapping : Mapped "{[/global/error]}" onto public java.lang.String com.stylefeng.guns.core.base.controller.GlobalController.errorPage()
2017-09-20 18:52:28.425  INFO 9540 --- [           main] s.w.s.m.m.a.RequestMappingHandlerMapping : Mapped "{[/global/sessionError]}" onto public java.lang.String com.stylefeng.guns.core.base.controller.GlobalController.errorPageInfo(org.springframework.ui.Model)
2017-09-20 18:52:28.427  INFO 9540 --- [           main] s.w.s.m.m.a.RequestMappingHandlerMapping : Mapped "{[/v2/api-docs],methods=[GET]}" onto public org.springframework.http.ResponseEntity<springfox.documentation.spring.web.json.Json> springfox.documentation.swagger2.web.Swagger2Controller.getDocumentation(java.lang.String)
2017-09-20 18:52:28.432  INFO 9540 --- [           main] s.w.s.m.m.a.RequestMappingHandlerMapping : Mapped "{[/configuration/security]}" onto org.springframework.http.ResponseEntity<springfox.documentation.swagger.web.SecurityConfiguration> springfox.documentation.swagger.web.ApiResourceController.securityConfiguration()
2017-09-20 18:52:28.434  INFO 9540 --- [           main] s.w.s.m.m.a.RequestMappingHandlerMapping : Mapped "{[/configuration/ui]}" onto org.springframework.http.ResponseEntity<springfox.documentation.swagger.web.UiConfiguration> springfox.documentation.swagger.web.ApiResourceController.uiConfiguration()
2017-09-20 18:52:28.435  INFO 9540 --- [           main] s.w.s.m.m.a.RequestMappingHandlerMapping : Mapped "{[/swagger-resources]}" onto org.springframework.http.ResponseEntity<java.util.List<springfox.documentation.swagger.web.SwaggerResource>> springfox.documentation.swagger.web.ApiResourceController.swaggerResources()
2017-09-20 18:52:28.440  INFO 9540 --- [           main] s.w.s.m.m.a.RequestMappingHandlerMapping : Mapped "{[/error]}" onto public org.springframework.http.ResponseEntity<java.util.Map<java.lang.String, java.lang.Object>> org.springframework.boot.autoconfigure.web.BasicErrorController.error(javax.servlet.http.HttpServletRequest)
2017-09-20 18:52:28.442  INFO 9540 --- [           main] s.w.s.m.m.a.RequestMappingHandlerMapping : Mapped "{[/error],produces=[text/html]}" onto public org.springframework.web.servlet.ModelAndView org.springframework.boot.autoconfigure.web.BasicErrorController.errorHtml(javax.servlet.http.HttpServletRequest,javax.servlet.http.HttpServletResponse)
2017-09-20 18:52:31.042  INFO 9540 --- [           main] s.w.s.m.m.a.RequestMappingHandlerAdapter : Looking for @ControllerAdvice: org.springframework.web.context.support.GenericWebApplicationContext@27eedb64: startup date [Wed Sep 20 18:52:19 CST 2017]; root of context hierarchy
2017-09-20 18:52:31.329  INFO 9540 --- [           main] o.s.w.s.handler.SimpleUrlHandlerMapping  : Mapped URL path [/swagger-ui.html] onto handler of type [class org.springframework.web.servlet.resource.ResourceHttpRequestHandler]
2017-09-20 18:52:31.330  INFO 9540 --- [           main] o.s.w.s.handler.SimpleUrlHandlerMapping  : Mapped URL path [/webjars/**] onto handler of type [class org.springframework.web.servlet.resource.ResourceHttpRequestHandler]
2017-09-20 18:52:31.331  INFO 9540 --- [           main] o.s.w.s.handler.SimpleUrlHandlerMapping  : Mapped URL path [/static/**] onto handler of type [class org.springframework.web.servlet.resource.ResourceHttpRequestHandler]
2017-09-20 18:52:31.392  INFO 9540 --- [           main] .m.m.a.ExceptionHandlerExceptionResolver : Detected @ExceptionHandler methods in globalExceptionHandler
2017-09-20 18:52:31.489  INFO 9540 --- [           main] o.s.w.s.handler.SimpleUrlHandlerMapping  : Mapped URL path [/**/favicon.ico] onto handler of type [class org.springframework.web.servlet.resource.ResourceHttpRequestHandler]
2017-09-20 18:52:33.301  INFO 9540 --- [           main] d.s.w.p.DocumentationPluginsBootstrapper : Context refreshed
2017-09-20 18:52:33.339  INFO 9540 --- [           main] d.s.w.p.DocumentationPluginsBootstrapper : Found {0} custom documentation plugin(s)
2017-09-20 18:52:33.354  INFO 9540 --- [           main] s.d.s.w.s.ApiListingReferenceScanner     : Scanning for api listing references
2017-09-20 18:52:33.361  INFO 9540 --- [           main] s.w.ClassOrApiAnnotationResourceGrouping : Group for method add was code-controller
2017-09-20 18:52:33.364  INFO 9540 --- [           main] s.d.s.w.s.ApiListingReferenceScanner     : Request mapping: add belongs to groups: [[ResourceGroup{groupName='code-controller', position=0, controller=com.stylefeng.guns.modular.system.controller.CodeController}]] 
2017-09-20 18:52:33.372  INFO 9540 --- [           main] s.d.s.w.s.ApiListingReferenceScanner     : Created resource listing Path: /default/code-controller Description: code-controller Position: 0
2017-09-20 18:52:33.401  INFO 9540 --- [           main] s.d.schema.ModelContextKeyGenerator      : Cache Key Generated: java.lang.Object(true)
2017-09-20 18:52:33.402  INFO 9540 --- [           main] s.d.spring.web.caching.CachingAspect     : Caching aspect applied for cache models with key java.lang.Object(true)
2017-09-20 18:52:33.413  INFO 9540 --- [           main] s.d.schema.ModelContextKeyGenerator      : Cache Key Generated: java.lang.Object(true)
2017-09-20 18:52:33.414  INFO 9540 --- [           main] s.d.spring.web.caching.CachingAspect     : Caching aspect applied for cache modelDependencies with key java.lang.Object(true)
2017-09-20 18:52:33.423  INFO 9540 --- [           main] s.d.spring.web.OperationsKeyGenerator    : Cache key generated: /code/generate.com.stylefeng.guns.modular.system.controller.CodeController.add.DefaultGenericTypeNamingStrategy
2017-09-20 18:52:33.424  INFO 9540 --- [           main] s.d.spring.web.caching.CachingAspect     : Caching aspect applied for cache operations with key /code/generate.com.stylefeng.guns.modular.system.controller.CodeController.add.DefaultGenericTypeNamingStrategy
2017-09-20 18:52:33.466  INFO 9540 --- [           main] s.w.ClassOrApiAnnotationResourceGrouping : Group for method add was code-controller
2017-09-20 18:52:33.487  INFO 9540 --- [           main] s.w.ClassOrApiAnnotationResourceGrouping : Group for method add was code-controller
2017-09-20 18:52:33.537  INFO 9540 --- [           main] com.stylefeng.guns.biz.BizTest           : Started BizTest in 14.4 seconds (JVM running for 15.326)
2017-09-20 18:52:33.621  INFO 9540 --- [           main] o.s.b.t.m.w.SpringBootMockServletContext : Initializing Spring FrameworkServlet ''
2017-09-20 18:52:33.622  INFO 9540 --- [           main] o.s.t.web.servlet.TestDispatcherServlet  : FrameworkServlet '': initialization started
2017-09-20 18:52:33.664  INFO 9540 --- [           main] o.s.t.web.servlet.TestDispatcherServlet  : FrameworkServlet '': initialization completed in 42 ms
2017-09-20 18:52:33.709 DEBUG 9540 --- [           main] c.s.g.c.p.dao.TestMapper.selectById      : ==>  Preparing: SELECT id,`value` FROM test WHERE id=? 
2017-09-20 18:52:33.876 DEBUG 9540 --- [           main] c.s.g.c.p.dao.TestMapper.selectById      : ==> Parameters: 1(Integer)
2017-09-20 18:52:33.902 DEBUG 9540 --- [           main] c.s.g.c.p.dao.TestMapper.selectById      : <==      Total: 1
2017-09-20 18:52:33.941 DEBUG 9540 --- [           main] c.s.g.c.p.dao.TestMapper.insert          : ==>  Preparing: INSERT INTO test ( `value` ) VALUES ( ? ) 
2017-09-20 18:52:33.948 DEBUG 9540 --- [           main] c.s.g.c.p.dao.TestMapper.insert          : ==> Parameters: 123(String)
2017-09-20 18:52:33.966 ERROR 9540 --- [           main] druid.sql.Statement                      : {conn-10002, pstmt-20001} execute error. INSERT INTO test 
 ( `value` )  VALUES 
 ( ? )

java.sql.SQLException: Field 'id' doesn't have a default value
	at com.mysql.jdbc.SQLError.createSQLException(SQLError.java:957)
	at com.mysql.jdbc.MysqlIO.checkErrorPacket(MysqlIO.java:3878)
	at com.mysql.jdbc.MysqlIO.checkErrorPacket(MysqlIO.java:3814)
	at com.mysql.jdbc.MysqlIO.sendCommand(MysqlIO.java:2478)
	at com.mysql.jdbc.MysqlIO.sqlQueryDirect(MysqlIO.java:2625)
	at com.mysql.jdbc.ConnectionImpl.execSQL(ConnectionImpl.java:2551)
	at com.mysql.jdbc.PreparedStatement.executeInternal(PreparedStatement.java:1861)
	at com.mysql.jdbc.PreparedStatement.execute(PreparedStatement.java:1192)
	at com.alibaba.druid.filter.FilterChainImpl.preparedStatement_execute(FilterChainImpl.java:2931)
	at com.alibaba.druid.filter.FilterEventAdapter.preparedStatement_execute(FilterEventAdapter.java:440)
	at com.alibaba.druid.filter.FilterChainImpl.preparedStatement_execute(FilterChainImpl.java:2929)
	at com.alibaba.druid.wall.WallFilter.preparedStatement_execute(WallFilter.java:601)
	at com.alibaba.druid.filter.FilterChainImpl.preparedStatement_execute(FilterChainImpl.java:2929)
	at com.alibaba.druid.filter.FilterEventAdapter.preparedStatement_execute(FilterEventAdapter.java:440)
	at com.alibaba.druid.filter.FilterChainImpl.preparedStatement_execute(FilterChainImpl.java:2929)
	at com.alibaba.druid.proxy.jdbc.PreparedStatementProxyImpl.execute(PreparedStatementProxyImpl.java:131)
	at com.alibaba.druid.pool.DruidPooledPreparedStatement.execute(DruidPooledPreparedStatement.java:493)
	at sun.reflect.NativeMethodAccessorImpl.invoke0(Native Method)
	at sun.reflect.NativeMethodAccessorImpl.invoke(NativeMethodAccessorImpl.java:62)
	at sun.reflect.DelegatingMethodAccessorImpl.invoke(DelegatingMethodAccessorImpl.java:43)
	at java.lang.reflect.Method.invoke(Method.java:498)
	at org.apache.ibatis.logging.jdbc.PreparedStatementLogger.invoke(PreparedStatementLogger.java:59)
	at com.sun.proxy.$Proxy138.execute(Unknown Source)
	at org.apache.ibatis.executor.statement.PreparedStatementHandler.update(PreparedStatementHandler.java:46)
	at org.apache.ibatis.executor.statement.RoutingStatementHandler.update(RoutingStatementHandler.java:74)
	at sun.reflect.NativeMethodAccessorImpl.invoke0(Native Method)
	at sun.reflect.NativeMethodAccessorImpl.invoke(NativeMethodAccessorImpl.java:62)
	at sun.reflect.DelegatingMethodAccessorImpl.invoke(DelegatingMethodAccessorImpl.java:43)
	at java.lang.reflect.Method.invoke(Method.java:498)
	at org.apache.ibatis.plugin.Plugin.invoke(Plugin.java:63)
	at com.sun.proxy.$Proxy136.update(Unknown Source)
	at sun.reflect.NativeMethodAccessorImpl.invoke0(Native Method)
	at sun.reflect.NativeMethodAccessorImpl.invoke(NativeMethodAccessorImpl.java:62)
	at sun.reflect.DelegatingMethodAccessorImpl.invoke(DelegatingMethodAccessorImpl.java:43)
	at java.lang.reflect.Method.invoke(Method.java:498)
	at org.apache.ibatis.plugin.Plugin.invoke(Plugin.java:63)
	at com.sun.proxy.$Proxy136.update(Unknown Source)
	at org.apache.ibatis.executor.SimpleExecutor.doUpdate(SimpleExecutor.java:50)
	at org.apache.ibatis.executor.BaseExecutor.update(BaseExecutor.java:117)
	at org.apache.ibatis.executor.CachingExecutor.update(CachingExecutor.java:76)
	at org.apache.ibatis.session.defaults.DefaultSqlSession.update(DefaultSqlSession.java:198)
	at org.apache.ibatis.session.defaults.DefaultSqlSession.insert(DefaultSqlSession.java:185)
	at sun.reflect.NativeMethodAccessorImpl.invoke0(Native Method)
	at sun.reflect.NativeMethodAccessorImpl.invoke(NativeMethodAccessorImpl.java:62)
	at sun.reflect.DelegatingMethodAccessorImpl.invoke(DelegatingMethodAccessorImpl.java:43)
	at java.lang.reflect.Method.invoke(Method.java:498)
	at com.baomidou.mybatisplus.MybatisSqlSessionTemplate$SqlSessionInterceptor.invoke(MybatisSqlSessionTemplate.java:403)
	at com.sun.proxy.$Proxy95.insert(Unknown Source)
	at com.baomidou.mybatisplus.MybatisSqlSessionTemplate.insert(MybatisSqlSessionTemplate.java:246)
	at com.baomidou.mybatisplus.activerecord.Model.insert(Model.java:56)
	at com.stylefeng.guns.modular.biz.service.impl.TestServiceImpl.testBiz(TestServiceImpl.java:30)
	at com.stylefeng.guns.modular.biz.service.impl.TestServiceImpl$$FastClassBySpringCGLIB$$a2451736.invoke(<generated>)
	at org.springframework.cglib.proxy.MethodProxy.invoke(MethodProxy.java:204)
	at org.springframework.aop.framework.CglibAopProxy$CglibMethodInvocation.invokeJoinpoint(CglibAopProxy.java:738)
	at org.springframework.aop.framework.ReflectiveMethodInvocation.proceed(ReflectiveMethodInvocation.java:157)
	at com.alibaba.druid.support.spring.stat.DruidStatInterceptor.invoke(DruidStatInterceptor.java:72)
	at org.springframework.aop.framework.ReflectiveMethodInvocation.proceed(ReflectiveMethodInvocation.java:179)
	at org.springframework.aop.framework.CglibAopProxy$DynamicAdvisedInterceptor.intercept(CglibAopProxy.java:673)
	at com.stylefeng.guns.modular.biz.service.impl.TestServiceImpl$$EnhancerBySpringCGLIB$$5de94c85.testBiz(<generated>)
	at com.stylefeng.guns.biz.BizTest.test(BizTest.java:23)
	at sun.reflect.NativeMethodAccessorImpl.invoke0(Native Method)
	at sun.reflect.NativeMethodAccessorImpl.invoke(NativeMethodAccessorImpl.java:62)
	at sun.reflect.DelegatingMethodAccessorImpl.invoke(DelegatingMethodAccessorImpl.java:43)
	at java.lang.reflect.Method.invoke(Method.java:498)
	at org.junit.runners.model.FrameworkMethod$1.runReflectiveCall(FrameworkMethod.java:50)
	at org.junit.internal.runners.model.ReflectiveCallable.run(ReflectiveCallable.java:12)
	at org.junit.runners.model.FrameworkMethod.invokeExplosively(FrameworkMethod.java:47)
	at org.junit.internal.runners.statements.InvokeMethod.evaluate(InvokeMethod.java:17)
	at org.junit.internal.runners.statements.RunBefores.evaluate(RunBefores.java:26)
	at org.springframework.test.context.junit4.statements.RunBeforeTestMethodCallbacks.evaluate(RunBeforeTestMethodCallbacks.java:75)
	at org.springframework.test.context.junit4.statements.RunAfterTestMethodCallbacks.evaluate(RunAfterTestMethodCallbacks.java:86)
	at org.springframework.test.context.junit4.statements.SpringRepeat.evaluate(SpringRepeat.java:84)
	at org.junit.runners.ParentRunner.runLeaf(ParentRunner.java:325)
	at org.springframework.test.context.junit4.SpringJUnit4ClassRunner.runChild(SpringJUnit4ClassRunner.java:252)
	at org.springframework.test.context.junit4.SpringJUnit4ClassRunner.runChild(SpringJUnit4ClassRunner.java:94)
	at org.junit.runners.ParentRunner$3.run(ParentRunner.java:290)
	at org.junit.runners.ParentRunner$1.schedule(ParentRunner.java:71)
	at org.junit.runners.ParentRunner.runChildren(ParentRunner.java:288)
	at org.junit.runners.ParentRunner.access$000(ParentRunner.java:58)
	at org.junit.runners.ParentRunner$2.evaluate(ParentRunner.java:268)
	at org.springframework.test.context.junit4.statements.RunBeforeTestClassCallbacks.evaluate(RunBeforeTestClassCallbacks.java:61)
	at org.springframework.test.context.junit4.statements.RunAfterTestClassCallbacks.evaluate(RunAfterTestClassCallbacks.java:70)
	at org.junit.runners.ParentRunner.run(ParentRunner.java:363)
	at org.springframework.test.context.junit4.SpringJUnit4ClassRunner.run(SpringJUnit4ClassRunner.java:191)
	at org.apache.maven.surefire.junit4.JUnit4Provider.execute(JUnit4Provider.java:283)
	at org.apache.maven.surefire.junit4.JUnit4Provider.executeWithRerun(JUnit4Provider.java:173)
	at org.apache.maven.surefire.junit4.JUnit4Provider.executeTestSet(JUnit4Provider.java:153)
	at org.apache.maven.surefire.junit4.JUnit4Provider.invoke(JUnit4Provider.java:128)
	at org.apache.maven.surefire.booter.ForkedBooter.invokeProviderInSameClassLoader(ForkedBooter.java:203)
	at org.apache.maven.surefire.booter.ForkedBooter.runSuitesInProcess(ForkedBooter.java:155)
	at org.apache.maven.surefire.booter.ForkedBooter.main(ForkedBooter.java:103)

]]></system-out>
    <system-err><![CDATA[Wed Sep 20 18:52:25 CST 2017 WARN: Establishing SSL connection without server's identity verification is not recommended. According to MySQL 5.5.45+, 5.6.26+ and 5.7.6+ requirements SSL connection must be established by default if explicit option isn't set. For compliance with existing applications not using SSL the verifyServerCertificate property is set to 'false'. You need either to explicitly disable SSL by setting useSSL=false, or set useSSL=true and provide truststore for server certificate verification.
Wed Sep 20 18:52:25 CST 2017 WARN: Establishing SSL connection without server's identity verification is not recommended. According to MySQL 5.5.45+, 5.6.26+ and 5.7.6+ requirements SSL connection must be established by default if explicit option isn't set. For compliance with existing applications not using SSL the verifyServerCertificate property is set to 'false'. You need either to explicitly disable SSL by setting useSSL=false, or set useSSL=true and provide truststore for server certificate verification.
]]></system-err>
  </testcase>
</testsuite>